<?xml version="1.0" encoding="UTF-8" ?>
<testsuite failures="0" time="2.159" errors="0" skipped="0" tests="1" name="BillTest">
  <properties>
    <property name="java.runtime.name" value="Java(TM) SE Runtime Environment"/>
    <property name="sun.boot.library.path" value="C:\Program Files\Java\jdk1.7.0_11\jre\bin"/>
    <property name="java.vm.version" value="23.6-b04"/>
    <property name="user.country.format" value="IR"/>
    <property name="java.vm.vendor" value="Oracle Corporation"/>
    <property name="java.vendor.url" value="http://java.oracle.com/"/>
    <property name="path.separator" value=";"/>
    <property name="java.vm.name" value="Java HotSpot(TM) 64-Bit Server VM"/>
    <property name="file.encoding.pkg" value="sun.io"/>
    <property name="user.script" value=""/>
    <property name="user.country" value="US"/>
    <property name="sun.java.launcher" value="SUN_STANDARD"/>
    <property name="sun.os.patch.level" value="Service Pack 1"/>
    <property name="java.vm.specification.name" value="Java Virtual Machine Specification"/>
    <property name="user.dir" value="E:\Sources\Core"/>
    <property name="java.runtime.version" value="1.7.0_11-b21"/>
    <property name="java.awt.graphicsenv" value="sun.awt.Win32GraphicsEnvironment"/>
    <property name="basedir" value="E:\Sources\Core"/>
    <property name="java.endorsed.dirs" value="C:\Program Files\Java\jdk1.7.0_11\jre\lib\endorsed"/>
    <property name="os.arch" value="amd64"/>
    <property name="surefire.real.class.path" value="E:\Sources\Core\target\surefire\surefirebooter7059815159757757756.jar"/>
    <property name="java.io.tmpdir" value="C:\Users\E6EF7~1.AGH\AppData\Local\Temp\"/>
    <property name="line.separator" value="
"/>
    <property name="java.vm.specification.vendor" value="Oracle Corporation"/>
    <property name="user.variant" value=""/>
    <property name="os.name" value="Windows 7"/>
    <property name="sun.jnu.encoding" value="Cp1252"/>
    <property name="java.library.path" value="C:\Program Files\Java\jdk1.7.0_11\jre\bin;C:\Windows\Sun\Java\bin;C:\Windows\system32;C:\Windows;C:\Program Files (x86)\JetBrains\IntelliJ IDEA 12.0.3\bin\..\.\bin;C:\Program Files (x86)\NVIDIA Corporation\PhysX\Common;C:\Windows\system32;C:\Windows;C:\Windows\System32\Wbem;C:\Windows\System32\WindowsPowerShell\v1.0\;C:\Program Files\TortoiseSVN\bin;D:\apache-maven-3.0.3\bin;%JAVA_HOME%\bin;C:\Program Files (x86)\Microsoft SQL Server\100\Tools\Binn\;C:\Program Files\Microsoft SQL Server\100\Tools\Binn\;C:\Program Files\Microsoft SQL Server\100\DTS\Binn\;C:\Program Files (x86)\Microsoft SQL Server\100\Tools\Binn\VSShell\Common7\IDE\;C:\Program Files (x86)\Microsoft Visual Studio 9.0\Common7\IDE\PrivateAssemblies\;C:\Program Files (x86)\Microsoft SQL Server\100\DTS\Binn\;c:\program files (x86)\jetbrains\intellij idea 12.0.3\jre\jre\bin;."/>
    <property name="surefire.test.class.path" value="E:\Sources\Core\target\test-classes;E:\Sources\Core\target\classes;D:\repository\org\springframework\spring-core\3.1.2.RELEASE\spring-core-3.1.2.RELEASE.jar;D:\repository\org\springframework\spring-asm\3.1.2.RELEASE\spring-asm-3.1.2.RELEASE.jar;D:\repository\org\springframework\spring-context\3.1.2.RELEASE\spring-context-3.1.2.RELEASE.jar;D:\repository\org\springframework\spring-aop\3.1.2.RELEASE\spring-aop-3.1.2.RELEASE.jar;D:\repository\org\springframework\spring-beans\3.1.2.RELEASE\spring-beans-3.1.2.RELEASE.jar;D:\repository\org\springframework\spring-expression\3.1.2.RELEASE\spring-expression-3.1.2.RELEASE.jar;D:\repository\org\springframework\spring-web\3.1.2.RELEASE\spring-web-3.1.2.RELEASE.jar;D:\repository\aopalliance\aopalliance\1.0\aopalliance-1.0.jar;D:\repository\org\springframework\spring-tx\3.1.2.RELEASE\spring-tx-3.1.2.RELEASE.jar;D:\repository\org\springframework\spring-orm\3.1.2.RELEASE\spring-orm-3.1.2.RELEASE.jar;D:\repository\org\springframework\spring-jdbc\3.1.2.RELEASE\spring-jdbc-3.1.2.RELEASE.jar;D:\repository\org\springframework\spring-test\3.1.2.RELEASE\spring-test-3.1.2.RELEASE.jar;D:\repository\org\springframework\security\spring-security-core\3.0.3.RELEASE\spring-security-core-3.0.3.RELEASE.jar;D:\repository\org\aspectj\aspectjrt\1.6.8\aspectjrt-1.6.8.jar;D:\repository\org\springframework\security\spring-security-web\3.0.3.RELEASE\spring-security-web-3.0.3.RELEASE.jar;D:\repository\org\springframework\security\spring-security-config\3.0.3.RELEASE\spring-security-config-3.0.3.RELEASE.jar;D:\repository\org\aspectj\aspectjweaver\1.6.8\aspectjweaver-1.6.8.jar;D:\repository\cglib\cglib\2.2\cglib-2.2.jar;D:\repository\asm\asm\3.1\asm-3.1.jar;D:\repository\org\tuckey\urlrewritefilter\3.1.0\urlrewritefilter-3.1.0.jar;D:\repository\javax\servlet\servlet-api\2.5\servlet-api-2.5.jar;D:\repository\javax\el\el-api\2.2\el-api-2.2.jar;D:\repository\com\sun\faces\jsf-api\2.1.13\jsf-api-2.1.13.jar;D:\repository\com\sun\faces\jsf-impl\2.1.13\jsf-impl-2.1.13.jar;D:\repository\com\citydi\javaee\6.4\javaee-6.4.jar;D:\repository\javax\servlet\jstl\1.2\jstl-1.2.jar;D:\repository\org\primefaces\primefaces\3.5\primefaces-3.5.jar;D:\repository\org\primefaces\themes\start\1.0.8\start-1.0.8.jar;D:\repository\org\hibernate\hibernate-core\3.6.4.Final\hibernate-core-3.6.4.Final.jar;D:\repository\antlr\antlr\2.7.6\antlr-2.7.6.jar;D:\repository\commons-collections\commons-collections\3.1\commons-collections-3.1.jar;D:\repository\org\hibernate\hibernate-commons-annotations\3.2.0.Final\hibernate-commons-annotations-3.2.0.Final.jar;D:\repository\javax\transaction\jta\1.1\jta-1.1.jar;D:\repository\org\hibernate\hibernate-annotations\3.3.1.GA\hibernate-annotations-3.3.1.GA.jar;D:\repository\org\hibernate\hibernate\3.2.6.ga\hibernate-3.2.6.ga.jar;D:\repository\net\sf\ehcache\ehcache\1.2.3\ehcache-1.2.3.jar;D:\repository\asm\asm-attrs\1.5.3\asm-attrs-1.5.3.jar;D:\repository\org\hibernate\javax\persistence\hibernate-jpa-2.0-api\1.0.1.Final\hibernate-jpa-2.0-api-1.0.1.Final.jar;D:\repository\org\hibernate\hibernate-ehcache\3.6.4.Final\hibernate-ehcache-3.6.4.Final.jar;D:\repository\net\sf\ehcache\ehcache-core\2.2.0\ehcache-core-2.2.0.jar;D:\repository\org\slf4j\slf4j-api\1.6.1\slf4j-api-1.6.1.jar;D:\repository\org\slf4j\slf4j-jdk14\1.6.1\slf4j-jdk14-1.6.1.jar;D:\repository\dom4j\dom4j\1.6.1\dom4j-1.6.1.jar;D:\repository\javassist\javassist\3.12.1.GA\javassist-3.12.1.GA.jar;D:\repository\com\ghasemkhani\persiancalendar\2.1\persiancalendar-2.1.jar;D:\repository\com\ibm\icu4j\3.2\icu4j-3.2.jar;D:\repository\commons-fileupload\commons-fileupload\1.2.2\commons-fileupload-1.2.2.jar;D:\repository\commons-io\commons-io\2.1\commons-io-2.1.jar;D:\repository\net\sf\jasperreports\jasperreports\4.0.0\jasperreports-4.0.0.jar;D:\repository\commons-beanutils\commons-beanutils\1.8.0\commons-beanutils-1.8.0.jar;D:\repository\commons-digester\commons-digester\1.7\commons-digester-1.7.jar;D:\repository\com\lowagie\itext\2.1.7\itext-2.1.7.jar;D:\repository\bouncycastle\bcmail-jdk14\138\bcmail-jdk14-138.jar;D:\repository\bouncycastle\bcprov-jdk14\138\bcprov-jdk14-138.jar;D:\repository\org\bouncycastle\bctsp-jdk14\1.38\bctsp-jdk14-1.38.jar;D:\repository\org\bouncycastle\bcprov-jdk14\1.38\bcprov-jdk14-1.38.jar;D:\repository\org\bouncycastle\bcmail-jdk14\1.38\bcmail-jdk14-1.38.jar;D:\repository\jfree\jcommon\1.0.15\jcommon-1.0.15.jar;D:\repository\jfree\jfreechart\1.0.12\jfreechart-1.0.12.jar;D:\repository\xml-apis\xml-apis\1.3.02\xml-apis-1.3.02.jar;D:\repository\eclipse\jdtcore\3.1.0\jdtcore-3.1.0.jar;D:\repository\commons-logging\commons-logging\1.1.1\commons-logging-1.1.1.jar;D:\repository\junit\junit\4.11\junit-4.11.jar;D:\repository\org\hamcrest\hamcrest-core\1.3\hamcrest-core-1.3.jar;D:\repository\com\microsoft\sqlserver\sqljdbc4\3.0\sqljdbc4-3.0.jar;"/>
    <property name="java.specification.name" value="Java Platform API Specification"/>
    <property name="java.class.version" value="51.0"/>
    <property name="sun.management.compiler" value="HotSpot 64-Bit Tiered Compilers"/>
    <property name="maven.repo.local" value="D:\repository"/>
    <property name="os.version" value="6.1"/>
    <property name="user.home" value="C:\Users\e.aghaei"/>
    <property name="user.timezone" value="Asia/Tehran"/>
    <property name="java.awt.printerjob" value="sun.awt.windows.WPrinterJob"/>
    <property name="java.specification.version" value="1.7"/>
    <property name="file.encoding" value="Cp1252"/>
    <property name="user.name" value="e.aghaei"/>
    <property name="java.class.path" value="E:\Sources\Core\target\test-classes;E:\Sources\Core\target\classes;D:\repository\org\springframework\spring-core\3.1.2.RELEASE\spring-core-3.1.2.RELEASE.jar;D:\repository\org\springframework\spring-asm\3.1.2.RELEASE\spring-asm-3.1.2.RELEASE.jar;D:\repository\org\springframework\spring-context\3.1.2.RELEASE\spring-context-3.1.2.RELEASE.jar;D:\repository\org\springframework\spring-aop\3.1.2.RELEASE\spring-aop-3.1.2.RELEASE.jar;D:\repository\org\springframework\spring-beans\3.1.2.RELEASE\spring-beans-3.1.2.RELEASE.jar;D:\repository\org\springframework\spring-expression\3.1.2.RELEASE\spring-expression-3.1.2.RELEASE.jar;D:\repository\org\springframework\spring-web\3.1.2.RELEASE\spring-web-3.1.2.RELEASE.jar;D:\repository\aopalliance\aopalliance\1.0\aopalliance-1.0.jar;D:\repository\org\springframework\spring-tx\3.1.2.RELEASE\spring-tx-3.1.2.RELEASE.jar;D:\repository\org\springframework\spring-orm\3.1.2.RELEASE\spring-orm-3.1.2.RELEASE.jar;D:\repository\org\springframework\spring-jdbc\3.1.2.RELEASE\spring-jdbc-3.1.2.RELEASE.jar;D:\repository\org\springframework\spring-test\3.1.2.RELEASE\spring-test-3.1.2.RELEASE.jar;D:\repository\org\springframework\security\spring-security-core\3.0.3.RELEASE\spring-security-core-3.0.3.RELEASE.jar;D:\repository\org\aspectj\aspectjrt\1.6.8\aspectjrt-1.6.8.jar;D:\repository\org\springframework\security\spring-security-web\3.0.3.RELEASE\spring-security-web-3.0.3.RELEASE.jar;D:\repository\org\springframework\security\spring-security-config\3.0.3.RELEASE\spring-security-config-3.0.3.RELEASE.jar;D:\repository\org\aspectj\aspectjweaver\1.6.8\aspectjweaver-1.6.8.jar;D:\repository\cglib\cglib\2.2\cglib-2.2.jar;D:\repository\asm\asm\3.1\asm-3.1.jar;D:\repository\org\tuckey\urlrewritefilter\3.1.0\urlrewritefilter-3.1.0.jar;D:\repository\javax\servlet\servlet-api\2.5\servlet-api-2.5.jar;D:\repository\javax\el\el-api\2.2\el-api-2.2.jar;D:\repository\com\sun\faces\jsf-api\2.1.13\jsf-api-2.1.13.jar;D:\repository\com\sun\faces\jsf-impl\2.1.13\jsf-impl-2.1.13.jar;D:\repository\com\citydi\javaee\6.4\javaee-6.4.jar;D:\repository\javax\servlet\jstl\1.2\jstl-1.2.jar;D:\repository\org\primefaces\primefaces\3.5\primefaces-3.5.jar;D:\repository\org\primefaces\themes\start\1.0.8\start-1.0.8.jar;D:\repository\org\hibernate\hibernate-core\3.6.4.Final\hibernate-core-3.6.4.Final.jar;D:\repository\antlr\antlr\2.7.6\antlr-2.7.6.jar;D:\repository\commons-collections\commons-collections\3.1\commons-collections-3.1.jar;D:\repository\org\hibernate\hibernate-commons-annotations\3.2.0.Final\hibernate-commons-annotations-3.2.0.Final.jar;D:\repository\javax\transaction\jta\1.1\jta-1.1.jar;D:\repository\org\hibernate\hibernate-annotations\3.3.1.GA\hibernate-annotations-3.3.1.GA.jar;D:\repository\org\hibernate\hibernate\3.2.6.ga\hibernate-3.2.6.ga.jar;D:\repository\net\sf\ehcache\ehcache\1.2.3\ehcache-1.2.3.jar;D:\repository\asm\asm-attrs\1.5.3\asm-attrs-1.5.3.jar;D:\repository\org\hibernate\javax\persistence\hibernate-jpa-2.0-api\1.0.1.Final\hibernate-jpa-2.0-api-1.0.1.Final.jar;D:\repository\org\hibernate\hibernate-ehcache\3.6.4.Final\hibernate-ehcache-3.6.4.Final.jar;D:\repository\net\sf\ehcache\ehcache-core\2.2.0\ehcache-core-2.2.0.jar;D:\repository\org\slf4j\slf4j-api\1.6.1\slf4j-api-1.6.1.jar;D:\repository\org\slf4j\slf4j-jdk14\1.6.1\slf4j-jdk14-1.6.1.jar;D:\repository\dom4j\dom4j\1.6.1\dom4j-1.6.1.jar;D:\repository\javassist\javassist\3.12.1.GA\javassist-3.12.1.GA.jar;D:\repository\com\ghasemkhani\persiancalendar\2.1\persiancalendar-2.1.jar;D:\repository\com\ibm\icu4j\3.2\icu4j-3.2.jar;D:\repository\commons-fileupload\commons-fileupload\1.2.2\commons-fileupload-1.2.2.jar;D:\repository\commons-io\commons-io\2.1\commons-io-2.1.jar;D:\repository\net\sf\jasperreports\jasperreports\4.0.0\jasperreports-4.0.0.jar;D:\repository\commons-beanutils\commons-beanutils\1.8.0\commons-beanutils-1.8.0.jar;D:\repository\commons-digester\commons-digester\1.7\commons-digester-1.7.jar;D:\repository\com\lowagie\itext\2.1.7\itext-2.1.7.jar;D:\repository\bouncycastle\bcmail-jdk14\138\bcmail-jdk14-138.jar;D:\repository\bouncycastle\bcprov-jdk14\138\bcprov-jdk14-138.jar;D:\repository\org\bouncycastle\bctsp-jdk14\1.38\bctsp-jdk14-1.38.jar;D:\repository\org\bouncycastle\bcprov-jdk14\1.38\bcprov-jdk14-1.38.jar;D:\repository\org\bouncycastle\bcmail-jdk14\1.38\bcmail-jdk14-1.38.jar;D:\repository\jfree\jcommon\1.0.15\jcommon-1.0.15.jar;D:\repository\jfree\jfreechart\1.0.12\jfreechart-1.0.12.jar;D:\repository\xml-apis\xml-apis\1.3.02\xml-apis-1.3.02.jar;D:\repository\eclipse\jdtcore\3.1.0\jdtcore-3.1.0.jar;D:\repository\commons-logging\commons-logging\1.1.1\commons-logging-1.1.1.jar;D:\repository\junit\junit\4.11\junit-4.11.jar;D:\repository\org\hamcrest\hamcrest-core\1.3\hamcrest-core-1.3.jar;D:\repository\com\microsoft\sqlserver\sqljdbc4\3.0\sqljdbc4-3.0.jar;"/>
    <property name="java.vm.specification.version" value="1.7"/>
    <property name="sun.arch.data.model" value="64"/>
    <property name="java.home" value="C:\Program Files\Java\jdk1.7.0_11\jre"/>
    <property name="sun.java.command" value="E:\Sources\Core\target\surefire\surefirebooter7059815159757757756.jar E:\Sources\Core\target\surefire\surefire1764812192963383832tmp E:\Sources\Core\target\surefire\surefire7132364056645829438tmp"/>
    <property name="java.specification.vendor" value="Oracle Corporation"/>
    <property name="user.language" value="en"/>
    <property name="user.language.format" value="fa"/>
    <property name="awt.toolkit" value="sun.awt.windows.WToolkit"/>
    <property name="java.vm.info" value="mixed mode"/>
    <property name="java.version" value="1.7.0_11"/>
    <property name="java.ext.dirs" value="C:\Program Files\Java\jdk1.7.0_11\jre\lib\ext;C:\Windows\Sun\Java\lib\ext"/>
    <property name="sun.boot.class.path" value="C:\Program Files\Java\jdk1.7.0_11\jre\lib\resources.jar;C:\Program Files\Java\jdk1.7.0_11\jre\lib\rt.jar;C:\Program Files\Java\jdk1.7.0_11\jre\lib\sunrsasign.jar;C:\Program Files\Java\jdk1.7.0_11\jre\lib\jsse.jar;C:\Program Files\Java\jdk1.7.0_11\jre\lib\jce.jar;C:\Program Files\Java\jdk1.7.0_11\jre\lib\charsets.jar;C:\Program Files\Java\jdk1.7.0_11\jre\lib\jfr.jar;C:\Program Files\Java\jdk1.7.0_11\jre\classes"/>
    <property name="java.vendor" value="Oracle Corporation"/>
    <property name="localRepository" value="D:\repository"/>
    <property name="file.separator" value="\"/>
    <property name="java.vendor.url.bug" value="http://bugreport.sun.com/bugreport/"/>
    <property name="sun.cpu.endian" value="little"/>
    <property name="sun.io.unicode.encoding" value="UnicodeLittle"/>
    <property name="sun.desktop" value="windows"/>
    <property name="sun.cpu.isalist" value="amd64"/>
  </properties>
  <testcase time="0.065" classname="BillTest" name="test"/>
</testsuite>